<?xml version="1.0" encoding="UTF-8"?>
<testsuite xmlns:xsi="http://www.w3.org/2001/XMLSchema-instance" xsi:noNamespaceSchemaLocation="https://maven.apache.org/surefire/maven-surefire-plugin/xsd/surefire-test-report-3.0.xsd" version="3.0" name="com.otterworks.report.ReportServiceTest" time="3.68" tests="8" errors="0" skipped="0" failures="0">
  <properties>
[...]
</properties>
  <testcase name="getReportNotFoundShouldReturn404" classname="com.otterworks.report.ReportServiceTest" time="0.377">
    <system-out><![CDATA[Standard Commons Logging discovery in action with spring-jcl: please remove commons-logging.jar from classpath in order to avoid potential conflicts
06:15:02.143 [main] INFO org.springframework.test.context.support.AnnotationConfigContextLoaderUtils -- Could not detect default configuration classes for test class [com.otterworks.report.ReportServiceTest]: ReportServiceTest does not declare any static, non-private, non-final, nested classes annotated with @Configuration.
06:15:02.199 [main] INFO org.springframework.boot.test.context.SpringBootTestContextBootstrapper -- Found @SpringBootConfiguration com.otterworks.report.ReportApplication for test class com.otterworks.report.ReportServiceTest

  .   ____          _            __ _ _
 /\\ / ___'_ __ _ _(_)_ __  __ _ \ \ \ \
( ( )\___ | '_ | '_| | '_ \/ _` | \ \ \ \
 \\/  ___)| |_)| | | | | || (_| |  ) ) ) )
  '  |____| .__|_| |_|_| |_\__, | / / / /
 =========|_|==============|___/=/_/_/_/
 :: Spring Boot ::                (v3.2.5)

2026-07-03 06:15:02.378 [main] INFO  c.o.report.ReportServiceTest - Starting ReportServiceTest using Java 17.0.19 with PID 30377 (started by ubuntu in /home/ubuntu/repos/otterworks/services/report-service)
2026-07-03 06:15:02.379 [main] DEBUG c.o.report.ReportServiceTest - Running with Spring Boot v3.2.5, Spring v6.1.6
2026-07-03 06:15:02.379 [main] INFO  c.o.report.ReportServiceTest - The following 1 profile is active: "test"
2026-07-03 06:15:02.910 [main] INFO  o.s.d.r.c.RepositoryConfigurationDelegate - Bootstrapping Spring Data JPA repositories in DEFAULT mode.
2026-07-03 06:15:02.939 [main] INFO  o.s.d.r.c.RepositoryConfigurationDelegate - Finished Spring Data repository scanning in 25 ms. Found 1 JPA repository interface.
2026-07-03 06:15:03.274 [main] INFO  o.h.jpa.internal.util.LogHelper - HHH000204: Processing PersistenceUnitInfo [name: default]
2026-07-03 06:15:03.298 [main] INFO  org.hibernate.Version - HHH000412: Hibernate ORM core version 6.4.4.Final
2026-07-03 06:15:03.312 [main] INFO  o.h.c.i.RegionFactoryInitiator - HHH000026: Second-level cache disabled
2026-07-03 06:15:03.407 [main] INFO  o.s.o.j.p.SpringPersistenceUnitInfo - No LoadTimeWeaver setup: ignoring JPA class transformer
2026-07-03 06:15:03.418 [main] INFO  com.zaxxer.hikari.HikariDataSource - HikariPool-1 - Starting...
2026-07-03 06:15:03.503 [main] INFO  com.zaxxer.hikari.pool.HikariPool - HikariPool-1 - Added connection conn0: url=jdbc:h2:mem:testdb user=SA
2026-07-03 06:15:03.504 [main] INFO  com.zaxxer.hikari.HikariDataSource - HikariPool-1 - Start completed.
2026-07-03 06:15:03.515 [main] WARN  org.hibernate.orm.deprecation - HHH90000025: H2Dialect does not need to be specified explicitly using 'hibernate.dialect' (remove the property setting and it will be selected by default)
2026-07-03 06:15:03.908 [main] INFO  o.h.e.t.j.p.i.JtaPlatformInitiator - HHH000489: No JTA platform available (set 'hibernate.transaction.jta.platform' to enable JTA platform integration)
2026-07-03 06:15:03.926 [main] INFO  o.s.o.j.LocalContainerEntityManagerFactoryBean - Initialized JPA EntityManagerFactory for persistence unit 'default'
2026-07-03 06:15:04.102 [main] INFO  o.s.d.j.r.query.QueryEnhancerFactory - Hibernate is in classpath; If applicable, HQL parser will be used.
2026-07-03 06:15:04.512 [main] WARN  o.s.b.a.o.j.JpaBaseConfiguration$JpaWebConfiguration - spring.jpa.open-in-view is enabled by default. Therefore, database queries may be performed during view rendering. Explicitly configure spring.jpa.open-in-view to disable this warning
2026-07-03 06:15:04.530 [main] WARN  o.s.b.a.s.s.UserDetailsServiceAutoConfiguration - 

Using generated security password: aefc8335-6183-4547-83fb-978da2a681c1

This generated password is for development use only. Your security configuration must be updated before running your application in production.

2026-07-03 06:15:04.799 [main] INFO  o.s.b.a.e.web.EndpointLinksResolver - Exposing 2 endpoint(s) beneath base path '/actuator'
2026-07-03 06:15:04.831 [main] INFO  o.s.s.web.DefaultSecurityFilterChain - Will secure any request with [org.springframework.security.web.session.DisableEncodeUrlFilter@3f06c9ac, org.springframework.security.web.context.request.async.WebAsyncManagerIntegrationFilter@3fe8c952, org.springframework.security.web.context.SecurityContextHolderFilter@2dc199d4, org.springframework.security.web.header.HeaderWriterFilter@64d19dad, org.springframework.web.filter.CorsFilter@6d16aae3, org.springframework.security.web.authentication.logout.LogoutFilter@71b3c2a7, org.springframework.security.web.savedrequest.RequestCacheAwareFilter@503e1cd9, org.springframework.security.web.servletapi.SecurityContextHolderAwareRequestFilter@69924070, org.springframework.security.web.authentication.AnonymousAuthenticationFilter@2f9bd5ac, org.springframework.security.web.session.SessionManagementFilter@2b4b3918, org.springframework.security.web.access.ExceptionTranslationFilter@78cb1a92, org.springframework.security.web.access.intercept.AuthorizationFilter@41862a32]
2026-07-03 06:15:05.120 [main] INFO  o.s.b.t.m.w.SpringBootMockServletContext - Initializing Spring TestDispatcherServlet ''
2026-07-03 06:15:05.120 [main] INFO  o.s.t.w.s.TestDispatcherServlet - Initializing Servlet ''
2026-07-03 06:15:05.121 [main] INFO  o.s.t.w.s.TestDispatcherServlet - Completed initialization in 1 ms
2026-07-03 06:15:05.157 [main] INFO  c.o.report.ReportServiceTest - Started ReportServiceTest in 2.899 seconds (process running for 3.423)
]]></system-out>
  </testcase>
  <testcase name="createExcelReportShouldReturnAccepted" classname="com.otterworks.report.ReportServiceTest" time="0.086">
    <system-out><![CDATA[2026-07-03 06:15:05.602 [main] INFO  c.o.r.controller.ReportController - Report request: name=User Activity Summary, category=USER_ACTIVITY, type=EXCEL, by=test-user-003
2026-07-03 06:15:05.617 [main] INFO  c.o.report.service.ReportService - Created report request: id=1, name=User Activity Summary, type=EXCEL
]]></system-out>
  </testcase>
  <testcase name="healthEndpointShouldReturnOk" classname="com.otterworks.report.ReportServiceTest" time="0.008"/>
  <testcase name="createReportWithoutNameShouldReturn400" classname="com.otterworks.report.ReportServiceTest" time="0.015">
    <system-out><![CDATA[2026-07-03 06:15:05.671 [main] WARN  o.s.w.s.m.s.DefaultHandlerExceptionResolver - Resolved [org.springframework.web.bind.MethodArgumentNotValidException: Validation failed for argument [0] in public org.springframework.http.ResponseEntity<com.otterworks.report.model.ReportResponse> com.otterworks.report.controller.ReportController.createReport(com.otterworks.report.model.ReportRequest): [Field error in object 'reportRequest' on field 'reportName': rejected value [null]; codes [NotBlank.reportRequest.reportName,NotBlank.reportName,NotBlank.java.lang.String,NotBlank]; arguments [org.springframework.context.support.DefaultMessageSourceResolvable: codes [reportRequest.reportName,reportName]; arguments []; default message [reportName]]; default message [Report name is required]] ]
]]></system-out>
  </testcase>
  <testcase name="createCsvReportShouldReturnAccepted" classname="com.otterworks.report.ReportServiceTest" time="0.007">
    <system-out><![CDATA[2026-07-03 06:15:05.680 [main] INFO  c.o.r.controller.ReportController - Report request: name=Audit Log Export, category=AUDIT_LOG, type=CSV, by=test-user-002
2026-07-03 06:15:05.681 [main] INFO  c.o.report.service.ReportService - Created report request: id=2, name=Audit Log Export, type=CSV
]]></system-out>
  </testcase>
  <testcase name="downloadNonExistentReportShouldReturn404" classname="com.otterworks.report.ReportServiceTest" time="0.011"/>
  <testcase name="createReportShouldReturnAccepted" classname="com.otterworks.report.ReportServiceTest" time="0.007">
    <system-out><![CDATA[2026-07-03 06:15:05.698 [main] INFO  c.o.r.controller.ReportController - Report request: name=Test Usage Report, category=USAGE_ANALYTICS, type=PDF, by=test-user-001
2026-07-03 06:15:05.699 [main] INFO  c.o.report.service.ReportService - Created report request: id=3, name=Test Usage Report, type=PDF
]]></system-out>
  </testcase>
  <testcase name="listReportsShouldReturnEmptyList" classname="com.otterworks.report.ReportServiceTest" time="0.036">
    <system-out><![CDATA[2026-07-03 06:15:05.724 [task-1] INFO  c.o.report.service.ReportDataFetcher - Fetching user activity from: http://auth-service:8081/api/v1/users/activity?from=2026-06-03T06:15:05Z&to=2026-07-03T06:15:05Z
2026-07-03 06:15:05.728 [task-2] INFO  c.o.report.service.ReportDataFetcher - Fetching audit data from: http://audit-service:8090/api/v1/audit/events?from=2026-06-03T06:15:05Z&to=2026-07-03T06:15:05Z
2026-07-03 06:15:05.728 [task-3] INFO  c.o.report.service.ReportDataFetcher - Fetching analytics data from: http://analytics-service:8088/api/v1/analytics/events?from=2026-06-03T06:15:05Z&to=2026-07-03T06:15:05Z
]]></system-out>
  </testcase>
</testsuite>