<?xml version="1.0" encoding="UTF-8"?>
<testsuite xmlns:xsi="http://www.w3.org/2001/XMLSchema-instance" xsi:noNamespaceSchemaLocation="https://maven.apache.org/surefire/maven-surefire-plugin/xsd/surefire-test-report-3.0.xsd" version="3.0" name="com.otterworks.report.controller.ReportControllerIntegrationTest" time="0.441" tests="16" errors="0" skipped="0" failures="0">
  <properties>
[...]
</properties>
  <testcase name="createReportWithoutTypeReturns400" classname="com.otterworks.report.controller.ReportControllerIntegrationTest" time="0.019">
    <system-out><![CDATA[2026-05-19 22:46:02.516 [main] INFO  o.s.t.c.s.AnnotationConfigContextLoaderUtils - Could not detect default configuration classes for test class [com.otterworks.report.controller.ReportControllerIntegrationTest]: ReportControllerIntegrationTest does not declare any static, non-private, non-final, nested classes annotated with @Configuration.
2026-05-19 22:46:02.541 [main] INFO  o.s.b.t.c.SpringBootTestContextBootstrapper - Found @SpringBootConfiguration com.otterworks.report.ReportApplication for test class com.otterworks.report.controller.ReportControllerIntegrationTest
2026-05-19 22:46:02.560 [main] WARN  o.s.w.s.m.s.DefaultHandlerExceptionResolver - Resolved [org.springframework.web.bind.MethodArgumentNotValidException: Validation failed for argument [0] in public org.springframework.http.ResponseEntity<com.otterworks.report.model.ReportResponse> com.otterworks.report.controller.ReportController.createReport(com.otterworks.report.model.ReportRequest): [Field error in object 'reportRequest' on field 'reportType': rejected value [null]; codes [NotNull.reportRequest.reportType,NotNull.reportType,NotNull.com.otterworks.report.model.ReportType,NotNull]; arguments [org.springframework.context.support.DefaultMessageSourceResolvable: codes [reportRequest.reportType,reportType]; arguments []; default message [reportType]]; default message [Report type is required]] ]
]]></system-out>
  </testcase>
  <testcase name="createCsvReportReturns202" classname="com.otterworks.report.controller.ReportControllerIntegrationTest" time="0.02">
    <system-out><![CDATA[2026-05-19 22:46:02.577 [main] INFO  c.o.r.controller.ReportController - Report request: name=Integration CSV Report, category=AUDIT_LOG, type=CSV, by=integration-user-2
2026-05-19 22:46:02.580 [main] INFO  c.o.report.service.ReportService - Created report request: id=4, name=Integration CSV Report, type=CSV
2026-05-19 22:46:02.587 [task-4] INFO  c.o.report.service.ReportDataFetcher - Fetching audit data from: http://audit-service:8090/api/v1/audit/events?from=2026-05-12T22:46:02Z&to=2026-05-19T22:46:02Z
]]></system-out>
  </testcase>
  <testcase name="downloadPendingReportReturns409" classname="com.otterworks.report.controller.ReportControllerIntegrationTest" time="0.048">
    <system-out><![CDATA[2026-05-19 22:46:02.590 [task-4] ERROR c.o.report.service.ReportDataFetcher - Failed to fetch audit data, using sample data: org.springframework.web.client.ResourceAccessException: I/O error on GET request for "http://audit-service:8090/api/v1/audit/events": audit-service
2026-05-19 22:46:02.597 [task-4] INFO  c.o.r.service.CsvReportGenerator - Generated CSV report: /tmp/reports/integration_csv_report_20260519_224602.csv (5949 bytes)
2026-05-19 22:46:02.602 [task-4] INFO  c.o.r.service.ReportGenerationWorker - Report 4 completed: 50 rows, 5949 bytes, took 0s
2026-05-19 22:46:02.603 [main] INFO  c.o.r.controller.ReportController - Report request: name=Download Pending Report, category=USAGE_ANALYTICS, type=PDF, by=integration-user-8
2026-05-19 22:46:02.605 [main] INFO  c.o.report.service.ReportService - Created report request: id=5, name=Download Pending Report, type=PDF
2026-05-19 22:46:02.609 [task-5] INFO  c.o.report.service.ReportDataFetcher - Fetching analytics data from: http://analytics-service:8088/api/v1/analytics/events?from=2026-05-12T22:46:02Z&to=2026-05-19T22:46:02Z
2026-05-19 22:46:02.611 [task-5] ERROR c.o.report.service.ReportDataFetcher - Failed to fetch analytics data, using sample data: org.springframework.web.client.ResourceAccessException: I/O error on GET request for "http://analytics-service:8088/api/v1/analytics/events": analytics-service
]]></system-out>
  </testcase>
  <testcase name="createPdfReportReturns202WithCorrectBody" classname="com.otterworks.report.controller.ReportControllerIntegrationTest" time="0.032">
    <system-out><![CDATA[2026-05-19 22:46:02.656 [main] INFO  c.o.r.controller.ReportController - Report request: name=Integration PDF Report, category=USAGE_ANALYTICS, type=PDF, by=integration-user-1
2026-05-19 22:46:02.657 [main] INFO  c.o.report.service.ReportService - Created report request: id=6, name=Integration PDF Report, type=PDF
2026-05-19 22:46:02.672 [task-6] INFO  c.o.report.service.ReportDataFetcher - Fetching analytics data from: http://analytics-service:8088/api/v1/analytics/events?from=2026-05-12T22:46:02Z&to=2026-05-19T22:46:02Z
]]></system-out>
  </testcase>
  <testcase name="healthEndpointReturnsServiceMetadata" classname="com.otterworks.report.controller.ReportControllerIntegrationTest" time="0.02">
    <system-out><![CDATA[2026-05-19 22:46:02.673 [task-6] ERROR c.o.report.service.ReportDataFetcher - Failed to fetch analytics data, using sample data: org.springframework.web.client.ResourceAccessException: I/O error on GET request for "http://analytics-service:8088/api/v1/analytics/events": analytics-service
]]></system-out>
  </testcase>
  <testcase name="listReportsByStatusReturnsArray" classname="com.otterworks.report.controller.ReportControllerIntegrationTest" time="0.021">
    <system-out><![CDATA[2026-05-19 22:46:02.700 [task-5] INFO  c.o.r.service.PdfReportGenerator - Generated PDF report: /tmp/reports/download_pending_report_20260519_224602.pdf (14755 bytes)
2026-05-19 22:46:02.704 [task-5] INFO  c.o.r.service.ReportGenerationWorker - Report 5 completed: 50 rows, 14755 bytes, took 0s
]]></system-out>
  </testcase>
  <testcase name="createReportWithoutNameReturns400" classname="com.otterworks.report.controller.ReportControllerIntegrationTest" time="0.01">
    <system-out><![CDATA[2026-05-19 22:46:02.727 [main] WARN  o.s.w.s.m.s.DefaultHandlerExceptionResolver - Resolved [org.springframework.web.bind.MethodArgumentNotValidException: Validation failed for argument [0] in public org.springframework.http.ResponseEntity<com.otterworks.report.model.ReportResponse> com.otterworks.report.controller.ReportController.createReport(com.otterworks.report.model.ReportRequest): [Field error in object 'reportRequest' on field 'reportName': rejected value [null]; codes [NotBlank.reportRequest.reportName,NotBlank.reportName,NotBlank.java.lang.String,NotBlank]; arguments [org.springframework.context.support.DefaultMessageSourceResolvable: codes [reportRequest.reportName,reportName]; arguments []; default message [reportName]]; default message [Report name is required]] ]
]]></system-out>
  </testcase>
  <testcase name="downloadNonExistentReportReturns404" classname="com.otterworks.report.controller.ReportControllerIntegrationTest" time="0.014"/>
  <testcase name="getReportByIdReturnsCreatedReport" classname="com.otterworks.report.controller.ReportControllerIntegrationTest" time="0.019">
    <system-out><![CDATA[2026-05-19 22:46:02.753 [main] INFO  c.o.r.controller.ReportController - Report request: name=Fetch By Id Report, category=SYSTEM_HEALTH, type=PDF, by=integration-user-7
2026-05-19 22:46:02.755 [main] INFO  c.o.report.service.ReportService - Created report request: id=7, name=Fetch By Id Report, type=PDF
2026-05-19 22:46:02.761 [task-7] INFO  c.o.report.service.ReportDataFetcher - Fetching analytics data from: http://analytics-service:8088/api/v1/analytics/events?from=2026-05-12T22:46:02Z&to=2026-05-19T22:46:02Z
2026-05-19 22:46:02.762 [task-7] ERROR c.o.report.service.ReportDataFetcher - Failed to fetch analytics data, using sample data: org.springframework.web.client.ResourceAccessException: I/O error on GET request for "http://analytics-service:8088/api/v1/analytics/events": analytics-service
]]></system-out>
  </testcase>
  <testcase name="getNonExistentReportReturns404" classname="com.otterworks.report.controller.ReportControllerIntegrationTest" time="0.015">
    <system-out><![CDATA[2026-05-19 22:46:02.776 [task-6] INFO  c.o.r.service.PdfReportGenerator - Generated PDF report: /tmp/reports/integration_pdf_report_20260519_224602.pdf (14752 bytes)
2026-05-19 22:46:02.780 [task-6] INFO  c.o.r.service.ReportGenerationWorker - Report 6 completed: 50 rows, 14752 bytes, took 0s
]]></system-out>
  </testcase>
  <testcase name="createExcelReportReturns202" classname="com.otterworks.report.controller.ReportControllerIntegrationTest" time="0.017">
    <system-out><![CDATA[2026-05-19 22:46:02.793 [main] INFO  c.o.r.controller.ReportController - Report request: name=Integration Excel Report, category=STORAGE_SUMMARY, type=EXCEL, by=integration-user-3
2026-05-19 22:46:02.795 [main] INFO  c.o.report.service.ReportService - Created report request: id=8, name=Integration Excel Report, type=EXCEL
2026-05-19 22:46:02.801 [task-8] INFO  c.o.report.service.ReportDataFetcher - Fetching user activity from: http://auth-service:8081/api/v1/users/activity?from=2026-05-12T22:46:02Z&to=2026-05-19T22:46:02Z
]]></system-out>
  </testcase>
  <testcase name="deleteNonExistentReportReturns404" classname="com.otterworks.report.controller.ReportControllerIntegrationTest" time="0.016">
    <system-out><![CDATA[2026-05-19 22:46:02.806 [task-8] ERROR c.o.report.service.ReportDataFetcher - Failed to fetch user activity data: I/O error on GET request for "http://auth-service:8081/api/v1/users/activity": auth-service
]]></system-out>
  </testcase>
  <testcase name="listReportsByUserIdReturnsArray" classname="com.otterworks.report.controller.ReportControllerIntegrationTest" time="0.041">
    <system-out><![CDATA[2026-05-19 22:46:02.834 [main] INFO  c.o.r.controller.ReportController - Report request: name=List Test 1, category=AUDIT_LOG, type=CSV, by=list-test-user-1779230762830
2026-05-19 22:46:02.836 [main] INFO  c.o.report.service.ReportService - Created report request: id=9, name=List Test 1, type=CSV
2026-05-19 22:46:02.842 [task-2] INFO  c.o.report.service.ReportDataFetcher - Fetching audit data from: http://audit-service:8090/api/v1/audit/events?from=2026-05-12T22:46:02Z&to=2026-05-19T22:46:02Z
2026-05-19 22:46:02.844 [task-2] ERROR c.o.report.service.ReportDataFetcher - Failed to fetch audit data, using sample data: org.springframework.web.client.ResourceAccessException: I/O error on GET request for "http://audit-service:8090/api/v1/audit/events": audit-service
2026-05-19 22:46:02.845 [main] INFO  c.o.r.controller.ReportController - Report request: name=List Test 2, category=AUDIT_LOG, type=PDF, by=list-test-user-1779230762830
2026-05-19 22:46:02.847 [main] INFO  c.o.report.service.ReportService - Created report request: id=10, name=List Test 2, type=PDF
2026-05-19 22:46:02.849 [task-2] INFO  c.o.r.service.CsvReportGenerator - Generated CSV report: /tmp/reports/list_test_1_20260519_224602.csv (5938 bytes)
2026-05-19 22:46:02.853 [task-3] INFO  c.o.report.service.ReportDataFetcher - Fetching audit data from: http://audit-service:8090/api/v1/audit/events?from=2026-05-12T22:46:02Z&to=2026-05-19T22:46:02Z
2026-05-19 22:46:02.853 [task-2] INFO  c.o.r.service.ReportGenerationWorker - Report 9 completed: 50 rows, 5938 bytes, took 0s
2026-05-19 22:46:02.854 [task-3] ERROR c.o.report.service.ReportDataFetcher - Failed to fetch audit data, using sample data: org.springframework.web.client.ResourceAccessException: I/O error on GET request for "http://audit-service:8090/api/v1/audit/events": audit-service
]]></system-out>
  </testcase>
  <testcase name="deleteExistingReportReturns204" classname="com.otterworks.report.controller.ReportControllerIntegrationTest" time="0.058">
    <system-out><![CDATA[2026-05-19 22:46:02.871 [main] INFO  c.o.r.controller.ReportController - Report request: name=Delete Me Report, category=COLLABORATION_METRICS, type=CSV, by=integration-user-9
2026-05-19 22:46:02.875 [main] INFO  c.o.report.service.ReportService - Created report request: id=11, name=Delete Me Report, type=CSV
2026-05-19 22:46:02.895 [task-7] INFO  c.o.r.service.PdfReportGenerator - Generated PDF report: /tmp/reports/fetch_by_id_report_20260519_224602.pdf (14753 bytes)
2026-05-19 22:46:02.898 [task-1] INFO  c.o.report.service.ReportDataFetcher - Fetching analytics data from: http://analytics-service:8088/api/v1/analytics/events?from=2026-05-12T22:46:02Z&to=2026-05-19T22:46:02Z
2026-05-19 22:46:02.900 [task-1] ERROR c.o.report.service.ReportDataFetcher - Failed to fetch analytics data, using sample data: org.springframework.web.client.ResourceAccessException: I/O error on GET request for "http://analytics-service:8088/api/v1/analytics/events": analytics-service
2026-05-19 22:46:02.904 [task-1] INFO  c.o.r.service.CsvReportGenerator - Generated CSV report: /tmp/reports/delete_me_report_20260519_224602.csv (5231 bytes)
2026-05-19 22:46:02.905 [task-7] INFO  c.o.r.service.ReportGenerationWorker - Report 7 completed: 50 rows, 14753 bytes, took 0s
2026-05-19 22:46:02.910 [main] INFO  c.o.report.service.ReportService - Deleted report: 11
2026-05-19 22:46:02.911 [task-1] INFO  c.o.r.service.ReportGenerationWorker - Report 11 completed: 50 rows, 5231 bytes, took 0s
]]></system-out>
  </testcase>
  <testcase name="listReportsForUnknownUserReturnsEmptyArray" classname="com.otterworks.report.controller.ReportControllerIntegrationTest" time="0.018">
    <system-out><![CDATA[2026-05-19 22:46:02.926 [task-8] INFO  c.o.r.service.ExcelReportGenerator - Generated Excel report: /tmp/reports/integration_excel_report_20260519_224602.xlsx (6013 bytes)
2026-05-19 22:46:02.930 [task-8] INFO  c.o.r.service.ReportGenerationWorker - Report 8 completed: 25 rows, 6013 bytes, took 0s
]]></system-out>
  </testcase>
  <testcase name="createReportWithoutCategoryReturns400" classname="com.otterworks.report.controller.ReportControllerIntegrationTest" time="0.01">
    <system-out><![CDATA[2026-05-19 22:46:02.950 [main] WARN  o.s.w.s.m.s.DefaultHandlerExceptionResolver - Resolved [org.springframework.web.bind.MethodArgumentNotValidException: Validation failed for argument [0] in public org.springframework.http.ResponseEntity<com.otterworks.report.model.ReportResponse> com.otterworks.report.controller.ReportController.createReport(com.otterworks.report.model.ReportRequest): [Field error in object 'reportRequest' on field 'category': rejected value [null]; codes [NotNull.reportRequest.category,NotNull.category,NotNull.com.otterworks.report.model.ReportCategory,NotNull]; arguments [org.springframework.context.support.DefaultMessageSourceResolvable: codes [reportRequest.category,category]; arguments []; default message [category]]; default message [Report category is required]] ]
]]></system-out>
  </testcase>
</testsuite>