<?xml version="1.0" encoding="UTF-8"?>
<testsuite xmlns:xsi="http://www.w3.org/2001/XMLSchema-instance" xsi:noNamespaceSchemaLocation="https://maven.apache.org/surefire/maven-surefire-plugin/xsd/surefire-test-report-3.0.xsd" version="3.0" name="com.otterworks.report.ReportServiceTest" time="4.496" tests="8" errors="0" skipped="0" failures="0">
  <properties>
[...]
</properties>
  <testcase name="getReportNotFoundShouldReturn404" classname="com.otterworks.report.ReportServiceTest" time="0.478">
    <system-out><![CDATA[Standard Commons Logging discovery in action with spring-jcl: please remove commons-logging.jar from classpath in order to avoid potential conflicts
18:03:35.789 [main] INFO org.springframework.test.context.support.AnnotationConfigContextLoaderUtils -- Could not detect default configuration classes for test class [com.otterworks.report.ReportServiceTest]: ReportServiceTest does not declare any static, non-private, non-final, nested classes annotated with @Configuration.
18:03:35.851 [main] INFO org.springframework.boot.test.context.SpringBootTestContextBootstrapper -- Found @SpringBootConfiguration com.otterworks.report.ReportApplication for test class com.otterworks.report.ReportServiceTest

  .   ____          _            __ _ _
 /\\ / ___'_ __ _ _(_)_ __  __ _ \ \ \ \
( ( )\___ | '_ | '_| | '_ \/ _` | \ \ \ \
 \\/  ___)| |_)| | | | | || (_| |  ) ) ) )
  '  |____| .__|_| |_|_| |_\__, | / / / /
 =========|_|==============|___/=/_/_/_/
 :: Spring Boot ::                (v3.2.5)

2026-07-23 18:03:36.065 [main] INFO  c.o.report.ReportServiceTest - Starting ReportServiceTest using Java 17.0.19 with PID 5723 (started by ubuntu in /home/ubuntu/repos/otterworks/services/report-service)
2026-07-23 18:03:36.065 [main] DEBUG c.o.report.ReportServiceTest - Running with Spring Boot v3.2.5, Spring v6.1.6
2026-07-23 18:03:36.066 [main] INFO  c.o.report.ReportServiceTest - The following 1 profile is active: "test"
2026-07-23 18:03:36.874 [main] INFO  o.s.d.r.c.RepositoryConfigurationDelegate - Bootstrapping Spring Data JPA repositories in DEFAULT mode.
2026-07-23 18:03:36.902 [main] INFO  o.s.d.r.c.RepositoryConfigurationDelegate - Finished Spring Data repository scanning in 24 ms. Found 1 JPA repository interface.
2026-07-23 18:03:37.259 [main] INFO  o.h.jpa.internal.util.LogHelper - HHH000204: Processing PersistenceUnitInfo [name: default]
2026-07-23 18:03:37.297 [main] INFO  org.hibernate.Version - HHH000412: Hibernate ORM core version 6.4.4.Final
2026-07-23 18:03:37.321 [main] INFO  o.h.c.i.RegionFactoryInitiator - HHH000026: Second-level cache disabled
2026-07-23 18:03:37.435 [main] INFO  o.s.o.j.p.SpringPersistenceUnitInfo - No LoadTimeWeaver setup: ignoring JPA class transformer
2026-07-23 18:03:37.450 [main] INFO  com.zaxxer.hikari.HikariDataSource - HikariPool-1 - Starting...
2026-07-23 18:03:37.557 [main] INFO  com.zaxxer.hikari.pool.HikariPool - HikariPool-1 - Added connection conn0: url=jdbc:h2:mem:testdb user=SA
2026-07-23 18:03:37.558 [main] INFO  com.zaxxer.hikari.HikariDataSource - HikariPool-1 - Start completed.
2026-07-23 18:03:37.576 [main] WARN  org.hibernate.orm.deprecation - HHH90000025: H2Dialect does not need to be specified explicitly using 'hibernate.dialect' (remove the property setting and it will be selected by default)
2026-07-23 18:03:38.051 [main] INFO  o.h.e.t.j.p.i.JtaPlatformInitiator - HHH000489: No JTA platform available (set 'hibernate.transaction.jta.platform' to enable JTA platform integration)
2026-07-23 18:03:38.076 [main] INFO  o.s.o.j.LocalContainerEntityManagerFactoryBean - Initialized JPA EntityManagerFactory for persistence unit 'default'
2026-07-23 18:03:38.256 [main] INFO  o.s.d.j.r.query.QueryEnhancerFactory - Hibernate is in classpath; If applicable, HQL parser will be used.
2026-07-23 18:03:38.700 [main] WARN  o.s.b.a.o.j.JpaBaseConfiguration$JpaWebConfiguration - spring.jpa.open-in-view is enabled by default. Therefore, database queries may be performed during view rendering. Explicitly configure spring.jpa.open-in-view to disable this warning
2026-07-23 18:03:38.718 [main] WARN  o.s.b.a.s.s.UserDetailsServiceAutoConfiguration - 

Using generated security password: 31163f9c-44fe-4c95-8fd4-c89cd419ffc1

This generated password is for development use only. Your security configuration must be updated before running your application in production.

2026-07-23 18:03:39.001 [main] INFO  o.s.b.a.e.web.EndpointLinksResolver - Exposing 2 endpoint(s) beneath base path '/actuator'
2026-07-23 18:03:39.037 [main] INFO  o.s.s.web.DefaultSecurityFilterChain - Will secure any request with [org.springframework.security.web.session.DisableEncodeUrlFilter@195267c8, org.springframework.security.web.context.request.async.WebAsyncManagerIntegrationFilter@69924070, org.springframework.security.web.context.SecurityContextHolderFilter@3f2cc8ab, org.springframework.security.web.header.HeaderWriterFilter@285bee4e, org.springframework.web.filter.CorsFilter@496a514f, org.springframework.security.web.authentication.logout.LogoutFilter@20a1c8a1, org.springframework.security.web.savedrequest.RequestCacheAwareFilter@7b5ffde0, org.springframework.security.web.servletapi.SecurityContextHolderAwareRequestFilter@fbb39ea, org.springframework.security.web.authentication.AnonymousAuthenticationFilter@430e9d37, org.springframework.security.web.session.SessionManagementFilter@221b9c2b, org.springframework.security.web.access.ExceptionTranslationFilter@3532f633, org.springframework.security.web.access.intercept.AuthorizationFilter@7b6846c6]
2026-07-23 18:03:39.346 [main] INFO  o.s.b.t.m.w.SpringBootMockServletContext - Initializing Spring TestDispatcherServlet ''
2026-07-23 18:03:39.346 [main] INFO  o.s.t.w.s.TestDispatcherServlet - Initializing Servlet ''
2026-07-23 18:03:39.347 [main] INFO  o.s.t.w.s.TestDispatcherServlet - Completed initialization in 1 ms
2026-07-23 18:03:39.385 [main] INFO  c.o.report.ReportServiceTest - Started ReportServiceTest in 3.469 seconds (process running for 4.11)
]]></system-out>
  </testcase>
  <testcase name="createExcelReportShouldReturnAccepted" classname="com.otterworks.report.ReportServiceTest" time="0.117">
    <system-out><![CDATA[2026-07-23 18:03:39.951 [main] INFO  c.o.r.controller.ReportController - Report request: name=User Activity Summary, category=USER_ACTIVITY, type=EXCEL, by=test-user-003
2026-07-23 18:03:39.977 [main] INFO  c.o.report.service.ReportService - Created report request: id=1, name=User Activity Summary, type=EXCEL
]]></system-out>
  </testcase>
  <testcase name="healthEndpointShouldReturnOk" classname="com.otterworks.report.ReportServiceTest" time="0.009"/>
  <testcase name="createReportWithoutNameShouldReturn400" classname="com.otterworks.report.ReportServiceTest" time="0.015">
    <system-out><![CDATA[2026-07-23 18:03:40.042 [main] WARN  o.s.w.s.m.s.DefaultHandlerExceptionResolver - Resolved [org.springframework.web.bind.MethodArgumentNotValidException: Validation failed for argument [0] in public org.springframework.http.ResponseEntity<com.otterworks.report.model.ReportResponse> com.otterworks.report.controller.ReportController.createReport(com.otterworks.report.model.ReportRequest): [Field error in object 'reportRequest' on field 'reportName': rejected value [null]; codes [NotBlank.reportRequest.reportName,NotBlank.reportName,NotBlank.java.lang.String,NotBlank]; arguments [org.springframework.context.support.DefaultMessageSourceResolvable: codes [reportRequest.reportName,reportName]; arguments []; default message [reportName]]; default message [Report name is required]] ]
]]></system-out>
  </testcase>
  <testcase name="createCsvReportShouldReturnAccepted" classname="com.otterworks.report.ReportServiceTest" time="0.01">
    <system-out><![CDATA[2026-07-23 18:03:40.053 [main] INFO  c.o.r.controller.ReportController - Report request: name=Audit Log Export, category=AUDIT_LOG, type=CSV, by=test-user-002
2026-07-23 18:03:40.055 [main] INFO  c.o.report.service.ReportService - Created report request: id=2, name=Audit Log Export, type=CSV
]]></system-out>
  </testcase>
  <testcase name="downloadNonExistentReportShouldReturn404" classname="com.otterworks.report.ReportServiceTest" time="0.026"/>
  <testcase name="createReportShouldReturnAccepted" classname="com.otterworks.report.ReportServiceTest" time="0.014">
    <system-out><![CDATA[2026-07-23 18:03:40.094 [main] INFO  c.o.r.controller.ReportController - Report request: name=Test Usage Report, category=USAGE_ANALYTICS, type=PDF, by=test-user-001
2026-07-23 18:03:40.095 [main] INFO  c.o.report.service.ReportService - Created report request: id=3, name=Test Usage Report, type=PDF
2026-07-23 18:03:40.095 [task-1] INFO  c.o.report.service.ReportDataFetcher - Fetching user activity from: http://auth-service:8081/api/v1/users/activity?from=2026-06-23T18:03:39Z&to=2026-07-23T18:03:39Z
2026-07-23 18:03:40.098 [task-2] INFO  c.o.report.service.ReportDataFetcher - Fetching audit data from: http://audit-service:8090/api/v1/audit/events?from=2026-06-23T18:03:40Z&to=2026-07-23T18:03:40Z
2026-07-23 18:03:40.101 [task-3] INFO  c.o.report.service.ReportDataFetcher - Fetching analytics data from: http://analytics-service:8088/api/v1/analytics/events?from=2026-06-23T18:03:40Z&to=2026-07-23T18:03:40Z
]]></system-out>
  </testcase>
  <testcase name="listReportsShouldReturnEmptyList" classname="com.otterworks.report.ReportServiceTest" time="0.077">
    <system-out><![CDATA[2026-07-23 18:03:40.135 [task-1] ERROR c.o.report.service.ReportDataFetcher - Failed to fetch user activity data: I/O error on GET request for "http://auth-service:8081/api/v1/users/activity": auth-service: Temporary failure in name resolution
2026-07-23 18:03:40.136 [task-3] ERROR c.o.r.service.ReportGenerationWorker - Report generation failed for 3: org.springframework.web.client.ResourceAccessException: I/O error on GET request for "http://analytics-service:8088/api/v1/analytics/events": analytics-service: Temporary failure in name resolution
com.google.common.util.concurrent.UncheckedExecutionException: org.springframework.web.client.ResourceAccessException: I/O error on GET request for "http://analytics-service:8088/api/v1/analytics/events": analytics-service: Temporary failure in name resolution
	at com.google.common.cache.LocalCache$Segment.get(LocalCache.java:2087)
	at com.google.common.cache.LocalCache.get(LocalCache.java:4019)
	at com.google.common.cache.LocalCache$LocalManualCache.get(LocalCache.java:4933)
	at com.otterworks.report.service.ReportDataFetcher.fetchAnalyticsData(ReportDataFetcher.java:76)
	at com.otterworks.report.service.ReportGenerationWorker.fetchDataForCategory(ReportGenerationWorker.java:128)
	at com.otterworks.report.service.ReportGenerationWorker.generateReportAsync(ReportGenerationWorker.java:88)
	at java.base/jdk.internal.reflect.NativeMethodAccessorImpl.invoke0(Native Method)
	at java.base/jdk.internal.reflect.NativeMethodAccessorImpl.invoke(NativeMethodAccessorImpl.java:77)
	at java.base/jdk.internal.reflect.DelegatingMethodAccessorImpl.invoke(DelegatingMethodAccessorImpl.java:43)
	at java.base/java.lang.reflect.Method.invoke(Method.java:569)
	at org.springframework.aop.support.AopUtils.invokeJoinpointUsingReflection(AopUtils.java:354)
	at org.springframework.aop.framework.ReflectiveMethodInvocation.invokeJoinpoint(ReflectiveMethodInvocation.java:196)
	at org.springframework.aop.framework.ReflectiveMethodInvocation.proceed(ReflectiveMethodInvocation.java:163)
	at org.springframework.aop.framework.CglibAopProxy$CglibMethodInvocation.proceed(CglibAopProxy.java:768)
	at org.springframework.aop.interceptor.AsyncExecutionInterceptor.lambda$invoke$0(AsyncExecutionInterceptor.java:113)
	at java.base/java.util.concurrent.FutureTask.run(FutureTask.java:264)
	at java.base/java.util.concurrent.ThreadPoolExecutor.runWorker(ThreadPoolExecutor.java:1136)
	at java.base/java.util.concurrent.ThreadPoolExecutor$Worker.run(ThreadPoolExecutor.java:635)
	at java.base/java.lang.Thread.run(Thread.java:840)
Caused by: org.springframework.web.client.ResourceAccessException: I/O error on GET request for "http://analytics-service:8088/api/v1/analytics/events": analytics-service: Temporary failure in name resolution
	at org.springframework.web.client.RestTemplate.createResourceAccessException(RestTemplate.java:915)
	at org.springframework.web.client.RestTemplate.doExecute(RestTemplate.java:895)
	at org.springframework.web.client.RestTemplate.execute(RestTemplate.java:790)
	at org.springframework.web.client.RestTemplate.getForEntity(RestTemplate.java:431)
	at com.otterworks.report.service.ReportDataFetcher.lambda$fetchAnalyticsData$0(ReportDataFetcher.java:89)
	at com.google.common.cache.LocalCache$LocalManualCache$1.load(LocalCache.java:4938)
	at com.google.common.cache.LocalCache$LoadingValueReference.loadFuture(LocalCache.java:3576)
	at com.google.common.cache.LocalCache$Segment.loadSync(LocalCache.java:2318)
	at com.google.common.cache.LocalCache$Segment.lockedGetOrLoad(LocalCache.java:2191)
	at com.google.common.cache.LocalCache$Segment.get(LocalCache.java:2081)
	... 18 common frames omitted
Caused by: java.net.UnknownHostException: analytics-service: Temporary failure in name resolution
	at java.base/java.net.Inet6AddressImpl.lookupAllHostAddr(Native Method)
	at java.base/java.net.InetAddress$PlatformNameService.lookupAllHostAddr(InetAddress.java:934)
	at java.base/java.net.InetAddress.getAddressesFromNameService(InetAddress.java:1543)
	at java.base/java.net.InetAddress$NameServiceAddresses.get(InetAddress.java:852)
	at java.base/java.net.InetAddress.getAllByName0(InetAddress.java:1533)
	at java.base/java.net.InetAddress.getAllByName(InetAddress.java:1385)
	at java.base/java.net.InetAddress.getAllByName(InetAddress.java:1306)
	at org.apache.hc.client5.http.SystemDefaultDnsResolver.resolve(SystemDefaultDnsResolver.java:43)
	at org.apache.hc.client5.http.impl.io.DefaultHttpClientConnectionOperator.connect(DefaultHttpClientConnectionOperator.java:143)
	at org.apache.hc.client5.http.impl.io.PoolingHttpClientConnectionManager.connect(PoolingHttpClientConnectionManager.java:447)
	at org.apache.hc.client5.http.impl.classic.InternalExecRuntime.connectEndpoint(InternalExecRuntime.java:162)
	at org.apache.hc.client5.http.impl.classic.InternalExecRuntime.connectEndpoint(InternalExecRuntime.java:172)
	at org.apache.hc.client5.http.impl.classic.ConnectExec.execute(ConnectExec.java:142)
	at org.apache.hc.client5.http.impl.classic.ExecChainElement.execute(ExecChainElement.java:51)
	at org.apache.hc.client5.http.impl.classic.ProtocolExec.execute(ProtocolExec.java:192)
	at org.apache.hc.client5.http.impl.classic.ExecChainElement.execute(ExecChainElement.java:51)
	at org.apache.hc.client5.http.impl.classic.HttpRequestRetryExec.execute(HttpRequestRetryExec.java:96)
	at org.apache.hc.client5.http.impl.classic.ExecChainElement.execute(ExecChainElement.java:51)
	at org.apache.hc.client5.http.impl.classic.ContentCompressionExec.execute(ContentCompressionExec.java:152)
	at org.apache.hc.client5.http.impl.classic.ExecChainElement.execute(ExecChainElement.java:51)
	at org.apache.hc.client5.http.impl.classic.RedirectExec.execute(RedirectExec.java:115)
	at org.apache.hc.client5.http.impl.classic.ExecChainElement.execute(ExecChainElement.java:51)
	at org.apache.hc.client5.http.impl.classic.InternalHttpClient.doExecute(InternalHttpClient.java:170)
	at org.apache.hc.client5.http.impl.classic.CloseableHttpClient.execute(CloseableHttpClient.java:87)
	at org.apache.hc.client5.http.impl.classic.CloseableHttpClient.execute(CloseableHttpClient.java:55)
	at org.apache.hc.client5.http.classic.HttpClient.executeOpen(HttpClient.java:183)
	at org.springframework.http.client.HttpComponentsClientHttpRequest.executeInternal(HttpComponentsClientHttpRequest.java:95)
	at org.springframework.http.client.AbstractStreamingClientHttpRequest.executeInternal(AbstractStreamingClientHttpRequest.java:70)
	at org.springframework.http.client.AbstractClientHttpRequest.execute(AbstractClientHttpRequest.java:66)
	at org.springframework.web.client.RestTemplate.doExecute(RestTemplate.java:889)
	... 26 common frames omitted
2026-07-23 18:03:40.136 [task-2] ERROR c.o.r.service.ReportGenerationWorker - Report generation failed for 2: org.springframework.web.client.ResourceAccessException: I/O error on GET request for "http://audit-service:8090/api/v1/audit/events": audit-service: Temporary failure in name resolution
com.google.common.util.concurrent.UncheckedExecutionException: org.springframework.web.client.ResourceAccessException: I/O error on GET request for "http://audit-service:8090/api/v1/audit/events": audit-service: Temporary failure in name resolution
	at com.google.common.cache.LocalCache$Segment.get(LocalCache.java:2087)
	at com.google.common.cache.LocalCache.get(LocalCache.java:4019)
	at com.google.common.cache.LocalCache$LocalManualCache.get(LocalCache.java:4933)
	at com.otterworks.report.service.ReportDataFetcher.fetchAuditData(ReportDataFetcher.java:109)
	at com.otterworks.report.service.ReportGenerationWorker.fetchDataForCategory(ReportGenerationWorker.java:131)
	at com.otterworks.report.service.ReportGenerationWorker.generateReportAsync(ReportGenerationWorker.java:88)
	at java.base/jdk.internal.reflect.NativeMethodAccessorImpl.invoke0(Native Method)
	at java.base/jdk.internal.reflect.NativeMethodAccessorImpl.invoke(NativeMethodAccessorImpl.java:77)
	at java.base/jdk.internal.reflect.DelegatingMethodAccessorImpl.invoke(DelegatingMethodAccessorImpl.java:43)
	at java.base/java.lang.reflect.Method.invoke(Method.java:569)
	at org.springframework.aop.support.AopUtils.invokeJoinpointUsingReflection(AopUtils.java:354)
	at org.springframework.aop.framework.ReflectiveMethodInvocation.invokeJoinpoint(ReflectiveMethodInvocation.java:196)
	at org.springframework.aop.framework.ReflectiveMethodInvocation.proceed(ReflectiveMethodInvocation.java:163)
	at org.springframework.aop.framework.CglibAopProxy$CglibMethodInvocation.proceed(CglibAopProxy.java:768)
	at org.springframework.aop.interceptor.AsyncExecutionInterceptor.lambda$invoke$0(AsyncExecutionInterceptor.java:113)
	at java.base/java.util.concurrent.FutureTask.run(FutureTask.java:264)
	at java.base/java.util.concurrent.ThreadPoolExecutor.runWorker(ThreadPoolExecutor.java:1136)
	at java.base/java.util.concurrent.ThreadPoolExecutor$Worker.run(ThreadPoolExecutor.java:635)
	at java.base/java.lang.Thread.run(Thread.java:840)
Caused by: org.springframework.web.client.ResourceAccessException: I/O error on GET request for "http://audit-service:8090/api/v1/audit/events": audit-service: Temporary failure in name resolution
	at org.springframework.web.client.RestTemplate.createResourceAccessException(RestTemplate.java:915)
	at org.springframework.web.client.RestTemplate.doExecute(RestTemplate.java:895)
	at org.springframework.web.client.RestTemplate.execute(RestTemplate.java:790)
	at org.springframework.web.client.RestTemplate.getForEntity(RestTemplate.java:431)
	at com.otterworks.report.service.ReportDataFetcher.lambda$fetchAuditData$1(ReportDataFetcher.java:117)
	at com.google.common.cache.LocalCache$LocalManualCache$1.load(LocalCache.java:4938)
	at com.google.common.cache.LocalCache$LoadingValueReference.loadFuture(LocalCache.java:3576)
	at com.google.common.cache.LocalCache$Segment.loadSync(LocalCache.java:2318)
	at com.google.common.cache.LocalCache$Segment.lockedGetOrLoad(LocalCache.java:2191)
	at com.google.common.cache.LocalCache$Segment.get(LocalCache.java:2081)
	... 18 common frames omitted
Caused by: java.net.UnknownHostException: audit-service: Temporary failure in name resolution
	at java.base/java.net.Inet6AddressImpl.lookupAllHostAddr(Native Method)
	at java.base/java.net.InetAddress$PlatformNameService.lookupAllHostAddr(InetAddress.java:934)
	at java.base/java.net.InetAddress.getAddressesFromNameService(InetAddress.java:1543)
	at java.base/java.net.InetAddress$NameServiceAddresses.get(InetAddress.java:852)
	at java.base/java.net.InetAddress.getAllByName0(InetAddress.java:1533)
	at java.base/java.net.InetAddress.getAllByName(InetAddress.java:1385)
	at java.base/java.net.InetAddress.getAllByName(InetAddress.java:1306)
	at org.apache.hc.client5.http.SystemDefaultDnsResolver.resolve(SystemDefaultDnsResolver.java:43)
	at org.apache.hc.client5.http.impl.io.DefaultHttpClientConnectionOperator.connect(DefaultHttpClientConnectionOperator.java:143)
	at org.apache.hc.client5.http.impl.io.PoolingHttpClientConnectionManager.connect(PoolingHttpClientConnectionManager.java:447)
	at org.apache.hc.client5.http.impl.classic.InternalExecRuntime.connectEndpoint(InternalExecRuntime.java:162)
	at org.apache.hc.client5.http.impl.classic.InternalExecRuntime.connectEndpoint(InternalExecRuntime.java:172)
	at org.apache.hc.client5.http.impl.classic.ConnectExec.execute(ConnectExec.java:142)
	at org.apache.hc.client5.http.impl.classic.ExecChainElement.execute(ExecChainElement.java:51)
	at org.apache.hc.client5.http.impl.classic.ProtocolExec.execute(ProtocolExec.java:192)
	at org.apache.hc.client5.http.impl.classic.ExecChainElement.execute(ExecChainElement.java:51)
	at org.apache.hc.client5.http.impl.classic.HttpRequestRetryExec.execute(HttpRequestRetryExec.java:96)
	at org.apache.hc.client5.http.impl.classic.ExecChainElement.execute(ExecChainElement.java:51)
	at org.apache.hc.client5.http.impl.classic.ContentCompressionExec.execute(ContentCompressionExec.java:152)
	at org.apache.hc.client5.http.impl.classic.ExecChainElement.execute(ExecChainElement.java:51)
	at org.apache.hc.client5.http.impl.classic.RedirectExec.execute(RedirectExec.java:115)
	at org.apache.hc.client5.http.impl.classic.ExecChainElement.execute(ExecChainElement.java:51)
	at org.apache.hc.client5.http.impl.classic.InternalHttpClient.doExecute(InternalHttpClient.java:170)
	at org.apache.hc.client5.http.impl.classic.CloseableHttpClient.execute(CloseableHttpClient.java:87)
	at org.apache.hc.client5.http.impl.classic.CloseableHttpClient.execute(CloseableHttpClient.java:55)
	at org.apache.hc.client5.http.classic.HttpClient.executeOpen(HttpClient.java:183)
	at org.springframework.http.client.HttpComponentsClientHttpRequest.executeInternal(HttpComponentsClientHttpRequest.java:95)
	at org.springframework.http.client.AbstractStreamingClientHttpRequest.executeInternal(AbstractStreamingClientHttpRequest.java:70)
	at org.springframework.http.client.AbstractClientHttpRequest.execute(AbstractClientHttpRequest.java:66)
	at org.springframework.web.client.RestTemplate.doExecute(RestTemplate.java:889)
	... 26 common frames omitted
]]></system-out>
  </testcase>
</testsuite>